mode: set
github.com/valorvig/bookings/internal/render/render.go:24.40,26.2 1 1
github.com/valorvig/bookings/internal/render/render.go:29.84,36.2 5 1
github.com/valorvig/bookings/internal/render/render.go:40.105,45.18 2 1
github.com/valorvig/bookings/internal/render/render.go:55.2,57.9 2 1
github.com/valorvig/bookings/internal/render/render.go:62.2,68.16 4 1
github.com/valorvig/bookings/internal/render/render.go:72.2,73.16 2 1
github.com/valorvig/bookings/internal/render/render.go:78.2,78.12 1 1
github.com/valorvig/bookings/internal/render/render.go:45.18,49.3 1 0
github.com/valorvig/bookings/internal/render/render.go:49.8,52.3 1 1
github.com/valorvig/bookings/internal/render/render.go:57.9,60.3 2 1
github.com/valorvig/bookings/internal/render/render.go:68.16,70.3 1 0
github.com/valorvig/bookings/internal/render/render.go:73.16,76.3 2 0
github.com/valorvig/bookings/internal/render/render.go:83.67,89.16 3 1
github.com/valorvig/bookings/internal/render/render.go:93.2,93.29 1 1
github.com/valorvig/bookings/internal/render/render.go:131.2,131.21 1 1
github.com/valorvig/bookings/internal/render/render.go:89.16,91.3 1 0
github.com/valorvig/bookings/internal/render/render.go:93.29,103.17 3 1
github.com/valorvig/bookings/internal/render/render.go:108.3,110.17 2 1
github.com/valorvig/bookings/internal/render/render.go:115.3,115.23 1 1
github.com/valorvig/bookings/internal/render/render.go:127.3,127.21 1 1
github.com/valorvig/bookings/internal/render/render.go:103.17,106.4 1 0
github.com/valorvig/bookings/internal/render/render.go:110.17,113.4 1 0
github.com/valorvig/bookings/internal/render/render.go:115.23,120.18 2 1
github.com/valorvig/bookings/internal/render/render.go:120.18,123.5 1 0
