mode: set
github.com/valorvig/bookings/internal/handlers/handlers.go:33.62,38.2 1 0
github.com/valorvig/bookings/internal/handlers/handlers.go:42.51,47.2 1 1
github.com/valorvig/bookings/internal/handlers/handlers.go:50.33,52.2 1 1
github.com/valorvig/bookings/internal/handlers/handlers.go:56.67,69.2 1 1
github.com/valorvig/bookings/internal/handlers/handlers.go:72.68,90.2 1 1
github.com/valorvig/bookings/internal/handlers/handlers.go:94.74,99.9 2 1
github.com/valorvig/bookings/internal/handlers/handlers.go:109.2,110.16 2 1
github.com/valorvig/bookings/internal/handlers/handlers.go:116.2,136.4 10 1
github.com/valorvig/bookings/internal/handlers/handlers.go:99.9,107.3 3 1
github.com/valorvig/bookings/internal/handlers/handlers.go:110.16,114.3 3 1
github.com/valorvig/bookings/internal/handlers/handlers.go:140.78,156.16 2 1
github.com/valorvig/bookings/internal/handlers/handlers.go:167.2,176.16 5 1
github.com/valorvig/bookings/internal/handlers/handlers.go:186.2,188.16 2 1
github.com/valorvig/bookings/internal/handlers/handlers.go:198.2,199.16 2 1
github.com/valorvig/bookings/internal/handlers/handlers.go:219.2,240.19 6 1
github.com/valorvig/bookings/internal/handlers/handlers.go:254.2,255.16 2 1
github.com/valorvig/bookings/internal/handlers/handlers.go:265.2,280.16 3 1
github.com/valorvig/bookings/internal/handlers/handlers.go:290.2,294.66 2 1
github.com/valorvig/bookings/internal/handlers/handlers.go:156.16,164.3 3 1
github.com/valorvig/bookings/internal/handlers/handlers.go:176.16,184.3 3 1
github.com/valorvig/bookings/internal/handlers/handlers.go:188.16,195.3 3 1
github.com/valorvig/bookings/internal/handlers/handlers.go:199.16,206.3 3 1
github.com/valorvig/bookings/internal/handlers/handlers.go:240.19,251.3 5 1
github.com/valorvig/bookings/internal/handlers/handlers.go:255.16,262.3 3 1
github.com/valorvig/bookings/internal/handlers/handlers.go:280.16,287.3 3 1
github.com/valorvig/bookings/internal/handlers/handlers.go:298.71,300.2 1 1
github.com/valorvig/bookings/internal/handlers/handlers.go:303.69,305.2 1 1
github.com/valorvig/bookings/internal/handlers/handlers.go:308.75,310.2 1 1
github.com/valorvig/bookings/internal/handlers/handlers.go:313.79,325.16 5 0
github.com/valorvig/bookings/internal/handlers/handlers.go:328.2,329.16 2 0
github.com/valorvig/bookings/internal/handlers/handlers.go:334.2,335.16 2 0
github.com/valorvig/bookings/internal/handlers/handlers.go:347.2,347.21 1 0
github.com/valorvig/bookings/internal/handlers/handlers.go:355.2,378.4 5 0
github.com/valorvig/bookings/internal/handlers/handlers.go:325.16,327.3 1 0
github.com/valorvig/bookings/internal/handlers/handlers.go:329.16,332.3 2 0
github.com/valorvig/bookings/internal/handlers/handlers.go:335.16,338.3 2 0
github.com/valorvig/bookings/internal/handlers/handlers.go:347.21,353.3 3 0
github.com/valorvig/bookings/internal/handlers/handlers.go:392.79,413.16 10 0
github.com/valorvig/bookings/internal/handlers/handlers.go:421.2,422.14 2 0
github.com/valorvig/bookings/internal/handlers/handlers.go:413.16,417.3 2 0
github.com/valorvig/bookings/internal/handlers/handlers.go:436.70,438.2 1 0
github.com/valorvig/bookings/internal/handlers/handlers.go:441.81,446.9 2 0
github.com/valorvig/bookings/internal/handlers/handlers.go:457.2,471.4 9 0
github.com/valorvig/bookings/internal/handlers/handlers.go:446.9,454.3 4 0
github.com/valorvig/bookings/internal/handlers/handlers.go:475.73,477.16 2 0
github.com/valorvig/bookings/internal/handlers/handlers.go:483.2,484.9 2 0
github.com/valorvig/bookings/internal/handlers/handlers.go:489.2,493.63 3 0
github.com/valorvig/bookings/internal/handlers/handlers.go:477.16,480.3 2 0
github.com/valorvig/bookings/internal/handlers/handlers.go:484.9,487.3 2 0
github.com/valorvig/bookings/internal/handlers/handlers.go:497.71,509.16 9 0
github.com/valorvig/bookings/internal/handlers/handlers.go:514.2,524.63 6 0
github.com/valorvig/bookings/internal/handlers/handlers.go:509.16,512.3 2 0
